[backblue.gif]
[fade.gif]
[index.html]
[1538266836.rsc.cdn77.org/_common/images/money-business-256.png]
[cdn.jsdelivr.net/npm/bootstrap@4.6.2/dist/css/bootstrap.min.css]
[cdnjs.cloudflare.com/ajax/libs/font-awesome/5.7.1/css/all.min.css]
[cdnjs.cloudflare.com/ajax/libs/font-awesome/5.7.1/css/fontawesome.min.css]
[copaga.club/mlm/js/public.js]
[1538266836.rsc.cdn77.org/_common/videos/andreaskalcker/___COPAGA-SITE-IMAGES/La-Red-del-Club-de-la-Riqueza-400PX-GOLD.png]
[cdn.networkwealthclub.com/_common/images/copaga/La-Red-LOGO-GOLD-300PX.png]
[1538266836.rsc.cdn77.org/_common/videos/___NWC/1230.02-MORE-VOICES-VIDEO-PLATFORM-AND-VIDEO-CONFERENCES-English.jpg]
[1538266836.rsc.cdn77.org/_common/images/copaga/04-logo-icon-black.png]
[1538266836.rsc.cdn77.org/_common/images/copaga/01-HECTOR-GONZALO-COPAGA-WHO.png]
[1538266836.rsc.cdn77.org/_common/images/copaga/02-SOCORRO-TREJO-COPAGA-WHO.png]
[1538266836.rsc.cdn77.org/_common/images/copaga/03-FRANCISCO-ROLDAN-COPAGA-WHO.png]
[1538266836.rsc.cdn77.org/_common/images/copaga/1230.03-MAS-VOCES-PLATAFORMA-DE-VIDEO.jpg]
[1538266836.rsc.cdn77.org/_common/images/copaga/1230.04-MORE-VOICES-VIDEO-PLATFORM.jpg]
[1538266836.rsc.cdn77.org/_common/images/copaga/1231.04-EN-2022-EN-ADELANTE-COMO.jpg]
[1538266836.rsc.cdn77.org/_common/images/copaga/1231.05-IN-2022-ONWARDS-HOW-YOU-EXPECT.jpg]
[copaga.club/mlm/images/discounts.png]
[copaga.club/mlm/images/show_n_save.png]
[copaga.club/mlm/images/deals_on_demand.png]
[copaga.club/mlm/images/better_than.png]
[copaga.club/mlm/images/VehicleAdvantage.png]
[copaga.club/mlm/images/NWC-CompensationPlan.png]
[copaga.club/mlm/images/peter.png]
[ajax.googleapis.com/ajax/libs/jquery/1.10.2/jquery.min.js]
[cdn.jsdelivr.net/npm/bootstrap@4.6.2/dist/js/bootstrap.min.js]
[copaga.club/mlm/js/jquery.bxslider.js]
[copaga.club/mlm/js/featherlight.js]
[copaga.club/mlm/js/jquery.backstretch.js]
[cdn.networkwealthclub.com/_common/images/copaga/Overrunner.jpg]
[cdn.networkwealthclub.com/_common/images/copaga/FamilyVacation.jpg]
[cdn.networkwealthclub.com/_common/images/copaga/OverFamily.jpg]
[copaga.club/mlm/index.html]
[copaga.club/mlm/css/animate.css]
[copaga.club/mlm/css/Featherlight.css]
[copaga.club/mlm/images/hamburger.png]
[copaga.club/mlm/css/ResponsiveNav.css]
[copaga.club/mlm/images/std_facebook.png]
[copaga.club/mlm/images/std_twitter.png]
[copaga.club/mlm/images/std_youtube.png]
[copaga.club/mlm/images/header-bg.png]
[1538266836.rsc.cdn77.org/_common/images/copaga/whitepaneltop.png]
[1538266836.rsc.cdn77.org/_common/images/copaga/whitepaneltopup-1.png]
[1538266836.rsc.cdn77.org/_common/images/copaga/whitepanelbottomtoppopup-2.png]
[1538266836.rsc.cdn77.org/_common/images/copaga/whitepanelbottom.png]
[1538266836.rsc.cdn77.org/_common/images/copaga/whitepanelbottomdownwh-1.png]
[1538266836.rsc.cdn77.org/_common/images/copaga/whitepanelbottomdown-2.png]
[cdn.networkwealthclub.com/_common/images/copaga/02-middle-1-imag.jpg]
[cdn.networkwealthclub.com/_common/images/copaga/copaga1.png]
[cdn.networkwealthclub.com/_common/images/copaga/copaga2.png]
[cdn.networkwealthclub.com/_common/images/copaga/copaga3.png]
[copaga.club/mlm/images/re250.png]
[copaga.club/mlm/images/wealthadvantage220.jpg]
[copaga.club/mlm/images/networkmarketing220.jpg]
[copaga.club/mlm/images/vault220.jpg]
[copaga.club/mlm/images/icon-money.png]
[copaga.club/mlm/images/people-u526.png]
[copaga.club/mlm/images/site-u539.png]
[copaga.club/mlm/images/icon-world.png]
[copaga.club/mlm/images/video-u1136.png]
[copaga.club/mlm/images/460-products.jpg]
[cdn.networkwealthclub.com/_common/images/copaga/on-my-time-in-my-business.jpg]
[cdn.networkwealthclub.com/_common/images/copaga/enjoy-friendship.jpg]
[copaga.club/mlm/images/businessdevelopment150.jpg]
[cdn.networkwealthclub.com/_common/images/copaga/she-found.jpg]
[copaga.club/mlm/images/facebook-mini-u828.png]
[copaga.club/mlm/images/twitter-mini-u834.png]
[copaga.club/mlm/images/google-mini-u832.png]
[copaga.club/mlm/images/arrow-mini-u830.png]
[nationalwealthcenter.com/a/images/whitepaneltop.png]
[nationalwealthcenter.com/a/images/whitepaneltopup.png]
[copaga.club/mlm/images/whitepaneltopup.png]
[nationalwealthcenter.com/a/images/whitepanelbottom.png]
[nationalwealthcenter.com/a/images/whitepanelbottomdownwh.png]
[copaga.club/mlm/css/style.css]
[copaga.club/mlm/images/arrow-left-u598-r.png]
[copaga.club/mlm/images/arrow-right-u566-r.png]
[copaga.club/mlm/css/jquerybxslider.css]
[cdn.jsdelivr.net/npm/bootstrap@4.6.2/dist/css/bootstrap.min.css]
[cdnjs.cloudflare.com/ajax/libs/font-awesome/5.7.1/css/all.min.css]
[cdnjs.cloudflare.com/ajax/libs/font-awesome/5.7.1/css/fontawesome.min.css]
[copaga.club/mlm/package1.html]
[copaga.club/mlm/package2.html]
[copaga.club/mlm/package3.html]
[copaga.club/mlm/js/jquery/jquery.html]
[copaga.club/mlm/images/std_linkedin.html]
[copaga.club/mlm/images/divider.html]
[copaga.club/mlm/images/ribbon.html]
[copaga.club/mlm/images/snowflakes.html]
[copaga.club/mlm/css/images/loading.html]
[copaga.club/mlm/images/icon-money-r.html]
[copaga.club/mlm/images/people-u526-r.html]
[copaga.club/mlm/images/site-u539-r.html]
[copaga.club/mlm/images/icon-world-r.html]
[copaga.club/mlm/images/video-u1136-r.html]
[copaga.club/mlm/images/460-compensation.html]
[copaga.club/mlm/images/460-savings.html]
[copaga.club/mlm/images/460-tools.html]
[copaga.club/mlm/images/icon-contact1-u796.html]
[copaga.club/mlm/images/icon-contact2-u799.html]
[copaga.club/mlm/images/icon-contact3-u801.html]
[copaga.club/mlm/images/icon-contact1-u796-r.html]
[copaga.club/mlm/images/icon-contact2-u799-r.html]
[copaga.club/mlm/images/icon-contact3-u801-r.html]
[copaga.club/mlm/images/bx_loader.html]
[copaga.club/mlm/images/controls.html]
